PAISEY (1988)


DATENABFRAGE...


PERSON

GND-NR. NAME GEBURTSDATUM STERBEDATUM WIRKUNGSORT WIRKUNGSZEITRAUM
1037630610 Christoph Bachmeyer   Halle (Saale) | Frankfurt und Leipzig (Messtädte) 
1037507436 Johann Andreas Bauer   Halle (Saale) 
1037589114 Johann Christian Beutler   Halle 
1037496507 Johann Gottlob Bierwirth   Halle (Saale) 
129519464 Andreas Friedrich Bötticher   Jena | Frankfurt am Main | Halle (Saale) 
1037590511 Felix du Serre 16XX 17XX Leipzig | Halle (Saale) 
1037580737 Lebrecht Gotthilf Faber   Halle (Saale) 
1037614860 Johann Gottfried Fick   Halle (Saale) 
1037500393 Christoph Peter Franck   Halle (Saale) 
1037576594 Johann Ernst Fritsch   Halle (Saale) | Leipzig 
1037628969 Christian Friedrich Nathaniel Fürst   Halle (Saale) 
116473207 Johann Justinus Gebauer 19. Mai 1710 26. Januar 1772 Halle (Saale) 
1037495748 Johann Grunert 1666 1731 Halle (Saale) 
1037503538 Johann Christian Grunert 1702 1759 Halle (Saale) 
1037500148 Johann Friedrich Grunert 1700  Halle (Saale) 
102531862 Johann Heinrich Grunert 1705 1742 Halle (Saale) 
1037603001 Johann Theodor Heinsius   Glaucha (Halle (Saale)) | Waldenburg (Landkreis Zwickau) 
1037496973 Karl Hermann Hemmerde 1708 5. Mai 1782 Halle (Saale) | Helmstedt 
1037503570 Christian Henckel   Halle (Saale) 
1037497406 Johann Christian Hendel 3. Oktober 1692 8. Juni 1757 Halle (Saale) 
1066355215 Johann Christian Hendel, Witwe   Halle (Saale) 
103749573X Johann Christian Hilliger 1686 1759 Halle (Saale) 
1037606094 Friedrich Andreas Hübner   Halle (Saale) 
1037542592 Johann Gottfried Kittler   Halle (Saale) 
1037647092 Johann Georg Klemm  1737 Halle (Saale) 
1037504488 Johann Christoph Krebs   Halle (Saale) 
1037500903 Christoph Krebs, Witwe   Jena 
1037505875 Johann Jakob Krebs 1658 1716 Halle (Saale) 
1037566300 Johann Friedrich Krottendorf   Halle (Saale) 
1037511042 Christian Samuel Krug   Halle (Saale) | Leipzig 
1037507118 Ernst Gottlob Krug  1731 Halle (Saale) 
103756300X Georg Jakob Lehmann   Halle (Saale) 
1037507568 Georg Jakob Lehmann, Witwe   Halle (Saale) 
1037641914 Ernst Matthias Luederwald   Halle (Saale) 
1029685479 Johann Gottfried May   Halle (Saale) 
1037558448 Johann Montag   Halle (Saale) 
1104500728 Mosche ben Abraham   Halle (Saale) 
1014026881 Heinrich Georg Musselius   Halle (Saale) 
1037650247 Johann Gottfried Oertel   Halle (Saale) 
1037560264 Stephan Orban  1732 Halle (Saale) 
1076098789 Stephan Orban, Witwe   Halle (Saale) 
131798456 Johann Gottfried Renger  1718 Halle (Saale) 
1037586662 Christian Riemer   Halle (Saale) 
1037505905 Christoph Salfeld 1653 1703 Halle (Saale) 
103751128X Elisabeth Salfeld   Halle (Saale) | Magdeburg 
1037524683 Johann Andreas Salfeld 1665  Halle (Saale) | Naumburg (Saale) 
103765367X Emanuel Schneider, Witwe   Halle (Saale) 
1037496876 Johann Jakob Schuetze   Berlin 
1037570138 Johann Jakob Schuetze, Witwe   Berlin 
1037587790 Adam Sellius   Halle (Saale) 
1037496833 Johann Adam Spörl   Halle (Saale) 
1037589106 Christian Ludwig Sympher   Halle (Saale) | Magdeburg 
103752005X Christoph Wetterkampf   Halle (Saale) 
1037511336 Johann Christian Zahn   Halle (Saale) 
1037505883 Christoph Andreas Zeitler   Halle (Saale) | Frankfurt (Oder) 
1037503899 Johann Friedrich Zeitler   Halle (Saale) 


ORGANISATION

GND-NR. NAME WIRKUNGSORT WIRKUNGSZEITRAUM
4421561-7 Institutum Judaicum Halle (Saale) Halle (Saale) 1728 1792
1249424-0 Neue Buchhandlung (Halle (Saale)) Halle (Saale)  
2133444-4 Franckesche Stiftungen zu Halle. Waisenhaus Halle (Saale) | Halle-Glaucha XX.04.1701 XX.XX.1945
